{"timestamp":"2023-04-17 01:23:33.168","level":"INFO","thread":"main","logger":"com.example.structured.logging.Application","message":"Starting Application using Java 17.0.2 with PID 76806 (/Users/evandrojunior/seeds/structured.logging/target/classes started by evandrojunior in /Users/evandrojunior/seeds/structured.logging)","Application":"Hello-API","Region":null,"MachineName":null}
{"timestamp":"2023-04-17 01:23:33.185","level":"INFO","thread":"main","logger":"com.example.structured.logging.Application","message":"No active profile set, falling back to 1 default profile: \"default\"","Application":"Hello-API","Region":null,"MachineName":null}
{"timestamp":"2023-04-17 01:23:34.709","level":"INFO","thread":"main","logger":"org.springframework.boot.web.embedded.tomcat.TomcatWebServer","message":"Tomcat initialized with port(s): 8080 (http)","Application":"Hello-API","Region":null,"MachineName":null}
{"timestamp":"2023-04-17 01:23:34.720","level":"INFO","thread":"main","logger":"org.apache.coyote.http11.Http11NioProtocol","message":"Initializing ProtocolHandler [\"http-nio-8080\"]","Application":"Hello-API","Region":null,"MachineName":null}
{"timestamp":"2023-04-17 01:23:34.722","level":"INFO","thread":"main","logger":"org.apache.catalina.core.StandardService","message":"Starting service [Tomcat]","Application":"Hello-API","Region":null,"MachineName":null}
{"timestamp":"2023-04-17 01:23:34.722","level":"INFO","thread":"main","logger":"org.apache.catalina.core.StandardEngine","message":"Starting Servlet engine: [Apache Tomcat/10.1.7]","Application":"Hello-API","Region":null,"MachineName":null}
{"timestamp":"2023-04-17 01:23:34.846","level":"INFO","thread":"main","logger":"org.apache.catalina.core.ContainerBase.[Tomcat].[localhost].[/]","message":"Initializing Spring embedded WebApplicationContext","Application":"Hello-API","Region":null,"MachineName":null}
{"timestamp":"2023-04-17 01:23:34.846","level":"INFO","thread":"main","logger":"org.springframework.boot.web.servlet.context.ServletWebServerApplicationContext","message":"Root WebApplicationContext: initialization completed in 1578 ms","Application":"Hello-API","Region":null,"MachineName":null}
{"timestamp":"2023-04-17 01:23:35.497","level":"INFO","thread":"main","logger":"org.apache.coyote.http11.Http11NioProtocol","message":"Starting ProtocolHandler [\"http-nio-8080\"]","Application":"Hello-API","Region":null,"MachineName":null}
{"timestamp":"2023-04-17 01:23:35.505","level":"WARN","thread":"main","logger":"org.springframework.boot.web.servlet.context.AnnotationConfigServletWebServerApplicationContext","message":"Exception encountered during context initialization - cancelling refresh attempt: org.springframework.context.ApplicationContextException: Failed to start bean 'webServerStartStop'","Application":"Hello-API","Region":null,"MachineName":null}
{"timestamp":"2023-04-17 01:23:35.509","level":"INFO","thread":"main","logger":"org.apache.coyote.http11.Http11NioProtocol","message":"Pausing ProtocolHandler [\"http-nio-8080\"]","Application":"Hello-API","Region":null,"MachineName":null}
{"timestamp":"2023-04-17 01:23:35.510","level":"INFO","thread":"main","logger":"org.apache.catalina.core.StandardService","message":"Stopping service [Tomcat]","Application":"Hello-API","Region":null,"MachineName":null}
{"timestamp":"2023-04-17 01:23:35.519","level":"INFO","thread":"main","logger":"org.apache.coyote.http11.Http11NioProtocol","message":"Stopping ProtocolHandler [\"http-nio-8080\"]","Application":"Hello-API","Region":null,"MachineName":null}
{"timestamp":"2023-04-17 01:23:35.519","level":"INFO","thread":"main","logger":"org.apache.coyote.http11.Http11NioProtocol","message":"Destroying ProtocolHandler [\"http-nio-8080\"]","Application":"Hello-API","Region":null,"MachineName":null}
{"timestamp":"2023-04-17 01:23:35.539","level":"INFO","thread":"main","logger":"org.springframework.boot.autoconfigure.logging.ConditionEvaluationReportLogger","message":"\n\nError starting ApplicationContext. To display the condition evaluation report re-run your application with 'debug' enabled.","Application":"Hello-API","Region":null,"MachineName":null}
{"timestamp":"2023-04-17 01:23:35.560","level":"ERROR","thread":"main","logger":"org.springframework.boot.diagnostics.LoggingFailureAnalysisReporter","message":"\n\n***************************\nAPPLICATION FAILED TO START\n***************************\n\nDescription:\n\nWeb server failed to start. Port 8080 was already in use.\n\nAction:\n\nIdentify and stop the process that's listening on port 8080 or configure this application to listen on another port.\n","Application":"Hello-API","Region":null,"MachineName":null}
{"timestamp":"2023-04-17 01:24:09.334","level":"INFO","thread":"main","logger":"com.example.structured.logging.Application","message":"Starting Application using Java 17.0.2 with PID 76868 (/Users/evandrojunior/seeds/structured.logging/target/classes started by evandrojunior in /Users/evandrojunior/seeds/structured.logging)","Application":"Hello-API","Region":null,"MachineName":null}
{"timestamp":"2023-04-17 01:24:09.351","level":"INFO","thread":"main","logger":"com.example.structured.logging.Application","message":"No active profile set, falling back to 1 default profile: \"default\"","Application":"Hello-API","Region":null,"MachineName":null}
{"timestamp":"2023-04-17 01:24:10.925","level":"INFO","thread":"main","logger":"org.springframework.boot.web.embedded.tomcat.TomcatWebServer","message":"Tomcat initialized with port(s): 9001 (http)","Application":"Hello-API","Region":null,"MachineName":null}
{"timestamp":"2023-04-17 01:24:10.933","level":"INFO","thread":"main","logger":"org.apache.coyote.http11.Http11NioProtocol","message":"Initializing ProtocolHandler [\"http-nio-9001\"]","Application":"Hello-API","Region":null,"MachineName":null}
{"timestamp":"2023-04-17 01:24:10.935","level":"INFO","thread":"main","logger":"org.apache.catalina.core.StandardService","message":"Starting service [Tomcat]","Application":"Hello-API","Region":null,"MachineName":null}
{"timestamp":"2023-04-17 01:24:10.936","level":"INFO","thread":"main","logger":"org.apache.catalina.core.StandardEngine","message":"Starting Servlet engine: [Apache Tomcat/10.1.7]","Application":"Hello-API","Region":null,"MachineName":null}
{"timestamp":"2023-04-17 01:24:11.054","level":"INFO","thread":"main","logger":"org.apache.catalina.core.ContainerBase.[Tomcat].[localhost].[/]","message":"Initializing Spring embedded WebApplicationContext","Application":"Hello-API","Region":null,"MachineName":null}
{"timestamp":"2023-04-17 01:24:11.055","level":"INFO","thread":"main","logger":"org.springframework.boot.web.servlet.context.ServletWebServerApplicationContext","message":"Root WebApplicationContext: initialization completed in 1620 ms","Application":"Hello-API","Region":null,"MachineName":null}
{"timestamp":"2023-04-17 01:24:11.689","level":"INFO","thread":"main","logger":"org.apache.coyote.http11.Http11NioProtocol","message":"Starting ProtocolHandler [\"http-nio-9001\"]","Application":"Hello-API","Region":null,"MachineName":null}
{"timestamp":"2023-04-17 01:24:11.708","level":"INFO","thread":"main","logger":"org.springframework.boot.web.embedded.tomcat.TomcatWebServer","message":"Tomcat started on port(s): 9001 (http) with context path ''","Application":"Hello-API","Region":null,"MachineName":null}
{"timestamp":"2023-04-17 01:24:11.726","level":"INFO","thread":"main","logger":"com.example.structured.logging.Application","message":"Started Application in 2.916 seconds (process running for 3.907)","Application":"Hello-API","Region":null,"MachineName":null}
{"timestamp":"2023-04-17 01:24:29.280","level":"INFO","thread":"http-nio-9001-exec-1","logger":"org.apache.catalina.core.ContainerBase.[Tomcat].[localhost].[/]","message":"Initializing Spring DispatcherServlet 'dispatcherServlet'","Application":"Hello-API","Region":null,"MachineName":null}
{"timestamp":"2023-04-17 01:24:29.282","level":"INFO","thread":"http-nio-9001-exec-1","logger":"org.springframework.web.servlet.DispatcherServlet","message":"Initializing Servlet 'dispatcherServlet'","Application":"Hello-API","Region":null,"MachineName":null}
{"timestamp":"2023-04-17 01:24:29.289","level":"INFO","thread":"http-nio-9001-exec-1","logger":"org.springframework.web.servlet.DispatcherServlet","message":"Completed initialization in 5 ms","Application":"Hello-API","Region":null,"MachineName":null}
{"timestamp":"2023-04-17 01:24:59.075","level":"INFO","thread":"main","logger":"com.example.structured.logging.Application","message":"Starting Application using Java 17.0.2 with PID 76964 (/Users/evandrojunior/seeds/structured.logging/target/classes started by evandrojunior in /Users/evandrojunior/seeds/structured.logging)","Application":"Hello-API","Region":null,"MachineName":null}
{"timestamp":"2023-04-17 01:24:59.092","level":"INFO","thread":"main","logger":"com.example.structured.logging.Application","message":"No active profile set, falling back to 1 default profile: \"default\"","Application":"Hello-API","Region":null,"MachineName":null}
{"timestamp":"2023-04-17 01:25:00.693","level":"INFO","thread":"main","logger":"org.springframework.boot.web.embedded.tomcat.TomcatWebServer","message":"Tomcat initialized with port(s): 9001 (http)","Application":"Hello-API","Region":null,"MachineName":null}
{"timestamp":"2023-04-17 01:25:00.701","level":"INFO","thread":"main","logger":"org.apache.coyote.http11.Http11NioProtocol","message":"Initializing ProtocolHandler [\"http-nio-9001\"]","Application":"Hello-API","Region":null,"MachineName":null}
{"timestamp":"2023-04-17 01:25:00.703","level":"INFO","thread":"main","logger":"org.apache.catalina.core.StandardService","message":"Starting service [Tomcat]","Application":"Hello-API","Region":null,"MachineName":null}
{"timestamp":"2023-04-17 01:25:00.703","level":"INFO","thread":"main","logger":"org.apache.catalina.core.StandardEngine","message":"Starting Servlet engine: [Apache Tomcat/10.1.7]","Application":"Hello-API","Region":null,"MachineName":null}
{"timestamp":"2023-04-17 01:25:00.811","level":"INFO","thread":"main","logger":"org.apache.catalina.core.ContainerBase.[Tomcat].[localhost].[/]","message":"Initializing Spring embedded WebApplicationContext","Application":"Hello-API","Region":null,"MachineName":null}
{"timestamp":"2023-04-17 01:25:00.812","level":"INFO","thread":"main","logger":"org.springframework.boot.web.servlet.context.ServletWebServerApplicationContext","message":"Root WebApplicationContext: initialization completed in 1619 ms","Application":"Hello-API","Region":null,"MachineName":null}
{"timestamp":"2023-04-17 01:25:01.468","level":"INFO","thread":"main","logger":"org.apache.coyote.http11.Http11NioProtocol","message":"Starting ProtocolHandler [\"http-nio-9001\"]","Application":"Hello-API","Region":null,"MachineName":null}
{"timestamp":"2023-04-17 01:25:01.486","level":"INFO","thread":"main","logger":"org.springframework.boot.web.embedded.tomcat.TomcatWebServer","message":"Tomcat started on port(s): 9001 (http) with context path ''","Application":"Hello-API","Region":null,"MachineName":null}
{"timestamp":"2023-04-17 01:25:01.497","level":"INFO","thread":"main","logger":"com.example.structured.logging.Application","message":"Started Application in 2.97 seconds (process running for 3.956)","Application":"Hello-API","Region":null,"MachineName":null}
{"timestamp":"2023-04-17 01:25:10.731","level":"INFO","thread":"http-nio-9001-exec-1","logger":"org.apache.catalina.core.ContainerBase.[Tomcat].[localhost].[/]","message":"Initializing Spring DispatcherServlet 'dispatcherServlet'","Application":"Hello-API","Region":null,"MachineName":null}
{"timestamp":"2023-04-17 01:25:10.732","level":"INFO","thread":"http-nio-9001-exec-1","logger":"org.springframework.web.servlet.DispatcherServlet","message":"Initializing Servlet 'dispatcherServlet'","Application":"Hello-API","Region":null,"MachineName":null}
{"timestamp":"2023-04-17 01:25:10.737","level":"INFO","thread":"http-nio-9001-exec-1","logger":"org.springframework.web.servlet.DispatcherServlet","message":"Completed initialization in 4 ms","Application":"Hello-API","Region":null,"MachineName":null}
{"timestamp":"2023-04-17 01:25:10.790","level":"INFO","thread":"http-nio-9001-exec-1","logger":"com.example.structured.logging.HelloController","message":"something to log","Application":"Hello-API","Region":null,"MachineName":null,"correlationId":"ec59b317-90c9-419c-a4fb-62e168706467"}
{"timestamp":"2023-04-17 01:25:11.363","level":"INFO","thread":"http-nio-9001-exec-2","logger":"com.example.structured.logging.HelloController","message":"something to log","Application":"Hello-API","Region":null,"MachineName":null,"correlationId":"76af9e3f-274b-4117-b387-41e9a9a66f68"}
{"timestamp":"2023-04-17 01:30:11.963","level":"INFO","thread":"main","logger":"com.example.structured.logging.Application","message":"Starting Application using Java 17.0.2 with PID 77150 (/Users/evandrojunior/seeds/structured.logging/target/classes started by evandrojunior in /Users/evandrojunior/seeds/structured.logging)","Application":"Hello-API","Region":null,"MachineName":null}
{"timestamp":"2023-04-17 01:30:11.982","level":"INFO","thread":"main","logger":"com.example.structured.logging.Application","message":"No active profile set, falling back to 1 default profile: \"default\"","Application":"Hello-API","Region":null,"MachineName":null}
{"timestamp":"2023-04-17 01:30:13.601","level":"INFO","thread":"main","logger":"org.springframework.boot.web.embedded.tomcat.TomcatWebServer","message":"Tomcat initialized with port(s): 9001 (http)","Application":"Hello-API","Region":null,"MachineName":null}
{"timestamp":"2023-04-17 01:30:13.612","level":"INFO","thread":"main","logger":"org.apache.coyote.http11.Http11NioProtocol","message":"Initializing ProtocolHandler [\"http-nio-9001\"]","Application":"Hello-API","Region":null,"MachineName":null}
{"timestamp":"2023-04-17 01:30:13.614","level":"INFO","thread":"main","logger":"org.apache.catalina.core.StandardService","message":"Starting service [Tomcat]","Application":"Hello-API","Region":null,"MachineName":null}
{"timestamp":"2023-04-17 01:30:13.614","level":"INFO","thread":"main","logger":"org.apache.catalina.core.StandardEngine","message":"Starting Servlet engine: [Apache Tomcat/10.1.7]","Application":"Hello-API","Region":null,"MachineName":null}
{"timestamp":"2023-04-17 01:30:13.729","level":"INFO","thread":"main","logger":"org.apache.catalina.core.ContainerBase.[Tomcat].[localhost].[/]","message":"Initializing Spring embedded WebApplicationContext","Application":"Hello-API","Region":null,"MachineName":null}
{"timestamp":"2023-04-17 01:30:13.730","level":"INFO","thread":"main","logger":"org.springframework.boot.web.servlet.context.ServletWebServerApplicationContext","message":"Root WebApplicationContext: initialization completed in 1633 ms","Application":"Hello-API","Region":null,"MachineName":null}
{"timestamp":"2023-04-17 01:30:14.347","level":"INFO","thread":"main","logger":"org.apache.coyote.http11.Http11NioProtocol","message":"Starting ProtocolHandler [\"http-nio-9001\"]","Application":"Hello-API","Region":null,"MachineName":null}
{"timestamp":"2023-04-17 01:30:14.372","level":"INFO","thread":"main","logger":"org.springframework.boot.web.embedded.tomcat.TomcatWebServer","message":"Tomcat started on port(s): 9001 (http) with context path ''","Application":"Hello-API","Region":null,"MachineName":null}
{"timestamp":"2023-04-17 01:30:14.389","level":"INFO","thread":"main","logger":"com.example.structured.logging.Application","message":"Started Application in 2.989 seconds (process running for 4.191)","Application":"Hello-API","Region":null,"MachineName":null}
{"timestamp":"2023-04-17 01:30:34.088","level":"INFO","thread":"main","logger":"com.example.structured.logging.Application","message":"Starting Application using Java 17.0.2 with PID 77163 (/Users/evandrojunior/seeds/structured.logging/target/classes started by evandrojunior in /Users/evandrojunior/seeds/structured.logging)","Application":"Hello-API","Region":null,"MachineName":null}
{"timestamp":"2023-04-17 01:30:34.103","level":"INFO","thread":"main","logger":"com.example.structured.logging.Application","message":"No active profile set, falling back to 1 default profile: \"default\"","Application":"Hello-API","Region":null,"MachineName":null}
{"timestamp":"2023-04-17 01:30:35.567","level":"INFO","thread":"main","logger":"org.springframework.boot.web.embedded.tomcat.TomcatWebServer","message":"Tomcat initialized with port(s): 9001 (http)","Application":"Hello-API","Region":null,"MachineName":null}
{"timestamp":"2023-04-17 01:30:35.576","level":"INFO","thread":"main","logger":"org.apache.coyote.http11.Http11NioProtocol","message":"Initializing ProtocolHandler [\"http-nio-9001\"]","Application":"Hello-API","Region":null,"MachineName":null}
{"timestamp":"2023-04-17 01:30:35.577","level":"INFO","thread":"main","logger":"org.apache.catalina.core.StandardService","message":"Starting service [Tomcat]","Application":"Hello-API","Region":null,"MachineName":null}
{"timestamp":"2023-04-17 01:30:35.578","level":"INFO","thread":"main","logger":"org.apache.catalina.core.StandardEngine","message":"Starting Servlet engine: [Apache Tomcat/10.1.7]","Application":"Hello-API","Region":null,"MachineName":null}
{"timestamp":"2023-04-17 01:30:35.689","level":"INFO","thread":"main","logger":"org.apache.catalina.core.ContainerBase.[Tomcat].[localhost].[/]","message":"Initializing Spring embedded WebApplicationContext","Application":"Hello-API","Region":null,"MachineName":null}
{"timestamp":"2023-04-17 01:30:35.690","level":"INFO","thread":"main","logger":"org.springframework.boot.web.servlet.context.ServletWebServerApplicationContext","message":"Root WebApplicationContext: initialization completed in 1482 ms","Application":"Hello-API","Region":null,"MachineName":null}
{"timestamp":"2023-04-17 01:30:36.347","level":"INFO","thread":"main","logger":"org.apache.coyote.http11.Http11NioProtocol","message":"Starting ProtocolHandler [\"http-nio-9001\"]","Application":"Hello-API","Region":null,"MachineName":null}
{"timestamp":"2023-04-17 01:30:36.366","level":"INFO","thread":"main","logger":"org.springframework.boot.web.embedded.tomcat.TomcatWebServer","message":"Tomcat started on port(s): 9001 (http) with context path ''","Application":"Hello-API","Region":null,"MachineName":null}
{"timestamp":"2023-04-17 01:30:36.380","level":"INFO","thread":"main","logger":"com.example.structured.logging.Application","message":"Started Application in 2.823 seconds (process running for 4.068)","Application":"Hello-API","Region":null,"MachineName":null}
{"timestamp":"2023-04-17 01:30:51.291","level":"INFO","thread":"main","logger":"com.example.structured.logging.Application","message":"Starting Application using Java 17.0.2 with PID 77184 (/Users/evandrojunior/seeds/structured.logging/target/classes started by evandrojunior in /Users/evandrojunior/seeds/structured.logging)","Application":"Hello-API","Region":null,"MachineName":null}
{"timestamp":"2023-04-17 01:30:51.312","level":"INFO","thread":"main","logger":"com.example.structured.logging.Application","message":"No active profile set, falling back to 1 default profile: \"default\"","Application":"Hello-API","Region":null,"MachineName":null}
{"timestamp":"2023-04-17 01:30:53.065","level":"INFO","thread":"main","logger":"org.springframework.boot.web.embedded.tomcat.TomcatWebServer","message":"Tomcat initialized with port(s): 9001 (http)","Application":"Hello-API","Region":null,"MachineName":null}
{"timestamp":"2023-04-17 01:30:53.074","level":"INFO","thread":"main","logger":"org.apache.coyote.http11.Http11NioProtocol","message":"Initializing ProtocolHandler [\"http-nio-9001\"]","Application":"Hello-API","Region":null,"MachineName":null}
{"timestamp":"2023-04-17 01:30:53.076","level":"INFO","thread":"main","logger":"org.apache.catalina.core.StandardService","message":"Starting service [Tomcat]","Application":"Hello-API","Region":null,"MachineName":null}
{"timestamp":"2023-04-17 01:30:53.076","level":"INFO","thread":"main","logger":"org.apache.catalina.core.StandardEngine","message":"Starting Servlet engine: [Apache Tomcat/10.1.7]","Application":"Hello-API","Region":null,"MachineName":null}
{"timestamp":"2023-04-17 01:30:53.188","level":"INFO","thread":"main","logger":"org.apache.catalina.core.ContainerBase.[Tomcat].[localhost].[/]","message":"Initializing Spring embedded WebApplicationContext","Application":"Hello-API","Region":null,"MachineName":null}
{"timestamp":"2023-04-17 01:30:53.189","level":"INFO","thread":"main","logger":"org.springframework.boot.web.servlet.context.ServletWebServerApplicationContext","message":"Root WebApplicationContext: initialization completed in 1741 ms","Application":"Hello-API","Region":null,"MachineName":null}
{"timestamp":"2023-04-17 01:30:53.736","level":"INFO","thread":"main","logger":"org.apache.coyote.http11.Http11NioProtocol","message":"Starting ProtocolHandler [\"http-nio-9001\"]","Application":"Hello-API","Region":null,"MachineName":null}
{"timestamp":"2023-04-17 01:30:53.754","level":"INFO","thread":"main","logger":"org.springframework.boot.web.embedded.tomcat.TomcatWebServer","message":"Tomcat started on port(s): 9001 (http) with context path ''","Application":"Hello-API","Region":null,"MachineName":null}
{"timestamp":"2023-04-17 01:30:53.782","level":"INFO","thread":"main","logger":"com.example.structured.logging.Application","message":"Started Application in 3.321 seconds (process running for 4.59)","Application":"Hello-API","Region":null,"MachineName":null}
{"timestamp":"2023-04-17 01:31:01.641","level":"INFO","thread":"http-nio-9001-exec-1","logger":"org.apache.catalina.core.ContainerBase.[Tomcat].[localhost].[/]","message":"Initializing Spring DispatcherServlet 'dispatcherServlet'","Application":"Hello-API","Region":null,"MachineName":null}
{"timestamp":"2023-04-17 01:31:01.645","level":"INFO","thread":"http-nio-9001-exec-1","logger":"org.springframework.web.servlet.DispatcherServlet","message":"Initializing Servlet 'dispatcherServlet'","Application":"Hello-API","Region":null,"MachineName":null}
{"timestamp":"2023-04-17 01:31:01.659","level":"INFO","thread":"http-nio-9001-exec-1","logger":"org.springframework.web.servlet.DispatcherServlet","message":"Completed initialization in 13 ms","Application":"Hello-API","Region":null,"MachineName":null}
{"timestamp":"2023-04-17 01:31:01.724","level":"INFO","thread":"http-nio-9001-exec-1","logger":"com.example.structured.logging.HelloController","message":"something to log","Application":"Hello-API","Region":null,"MachineName":null,"correlationId":"f0ec6c92-f354-40a6-bb86-b02a2482dbe5"}
{"timestamp":"2023-04-17 01:31:31.703","level":"INFO","thread":"main","logger":"com.example.structured.logging.Application","message":"Starting Application using Java 17.0.2 with PID 77208 (/Users/evandrojunior/seeds/structured.logging/target/classes started by evandrojunior in /Users/evandrojunior/seeds/structured.logging)","Application":"Hello-API","Region":null,"MachineName":null}
{"timestamp":"2023-04-17 01:31:31.717","level":"INFO","thread":"main","logger":"com.example.structured.logging.Application","message":"No active profile set, falling back to 1 default profile: \"default\"","Application":"Hello-API","Region":null,"MachineName":null}
{"timestamp":"2023-04-17 01:31:33.294","level":"INFO","thread":"main","logger":"org.springframework.boot.web.embedded.tomcat.TomcatWebServer","message":"Tomcat initialized with port(s): 9001 (http)","Application":"Hello-API","Region":null,"MachineName":null}
{"timestamp":"2023-04-17 01:31:33.302","level":"INFO","thread":"main","logger":"org.apache.coyote.http11.Http11NioProtocol","message":"Initializing ProtocolHandler [\"http-nio-9001\"]","Application":"Hello-API","Region":null,"MachineName":null}
{"timestamp":"2023-04-17 01:31:33.304","level":"INFO","thread":"main","logger":"org.apache.catalina.core.StandardService","message":"Starting service [Tomcat]","Application":"Hello-API","Region":null,"MachineName":null}
{"timestamp":"2023-04-17 01:31:33.305","level":"INFO","thread":"main","logger":"org.apache.catalina.core.StandardEngine","message":"Starting Servlet engine: [Apache Tomcat/10.1.7]","Application":"Hello-API","Region":null,"MachineName":null}
{"timestamp":"2023-04-17 01:31:33.401","level":"INFO","thread":"main","logger":"org.apache.catalina.core.ContainerBase.[Tomcat].[localhost].[/]","message":"Initializing Spring embedded WebApplicationContext","Application":"Hello-API","Region":null,"MachineName":null}
{"timestamp":"2023-04-17 01:31:33.402","level":"INFO","thread":"main","logger":"org.springframework.boot.web.servlet.context.ServletWebServerApplicationContext","message":"Root WebApplicationContext: initialization completed in 1609 ms","Application":"Hello-API","Region":null,"MachineName":null}
{"timestamp":"2023-04-17 01:31:34.067","level":"INFO","thread":"main","logger":"org.apache.coyote.http11.Http11NioProtocol","message":"Starting ProtocolHandler [\"http-nio-9001\"]","Application":"Hello-API","Region":null,"MachineName":null}
{"timestamp":"2023-04-17 01:31:34.089","level":"INFO","thread":"main","logger":"org.springframework.boot.web.embedded.tomcat.TomcatWebServer","message":"Tomcat started on port(s): 9001 (http) with context path ''","Application":"Hello-API","Region":null,"MachineName":null}
{"timestamp":"2023-04-17 01:31:34.103","level":"INFO","thread":"main","logger":"com.example.structured.logging.Application","message":"Started Application in 2.95 seconds (process running for 4.058)","Application":"Hello-API","Region":null,"MachineName":null}
{"timestamp":"2023-04-17 01:31:41.191","level":"INFO","thread":"http-nio-9001-exec-1","logger":"org.apache.catalina.core.ContainerBase.[Tomcat].[localhost].[/]","message":"Initializing Spring DispatcherServlet 'dispatcherServlet'","Application":"Hello-API","Region":null,"MachineName":null}
{"timestamp":"2023-04-17 01:31:41.192","level":"INFO","thread":"http-nio-9001-exec-1","logger":"org.springframework.web.servlet.DispatcherServlet","message":"Initializing Servlet 'dispatcherServlet'","Application":"Hello-API","Region":null,"MachineName":null}
{"timestamp":"2023-04-17 01:31:41.197","level":"INFO","thread":"http-nio-9001-exec-1","logger":"org.springframework.web.servlet.DispatcherServlet","message":"Completed initialization in 4 ms","Application":"Hello-API","Region":null,"MachineName":null}
{"timestamp":"2023-04-17 01:31:41.261","level":"INFO","thread":"http-nio-9001-exec-1","logger":"com.example.structured.logging.HelloController","message":"something to log","Application":"Hello-API","Region":null,"MachineName":null,"correlationId":"a0bfa600-9ae7-4e26-a139-ca68a2ab23fe"}
